build/app/outputs/mapping/release/mapping.txt
# compiler: R8
# compiler_version: 1.5.64
# min_api: 21
# pg_map_id: b3ffdfe
...
com.google.android.gms.internal.measurement.zzis -> b.a.a.a.e.f.e8:
    int[] zzaot -> a
    com.google.android.gms.internal.measurement.zzir[] zzaou -> b
    int mSize -> c
    com.google.android.gms.internal.measurement.zzir zzaor -> d
    boolean isEmpty() -> a
    void zza(int,com.google.android.gms.internal.measurement.zzir) -> a
    com.google.android.gms.internal.measurement.zzir zzcl(int) -> a
    int size() -> b
    com.google.android.gms.internal.measurement.zzir zzcm(int) -> b
    int idealIntArraySize(int) -> c
    int zzcn(int) -> d
com.google.android.gms.internal.measurement.zzit -> b.a.a.a.e.f.f8:
    com.google.android.gms.internal.measurement.zzit zzxd() -> a
    com.google.android.gms.internal.measurement.zzit zzxe() -> b
    com.google.android.gms.internal.measurement.zzit zzxf() -> c
com.google.android.gms.internal.measurement.zziu -> b.a.a.a.e.f.g8:
    java.nio.charset.Charset UTF_8 -> a
    java.lang.Object zzaov -> b
    boolean equals(java.lang.Object[],java.lang.Object[]) -> a
    int hashCode(java.lang.Object[]) -> a
    void zza(com.google.android.gms.internal.measurement.zziq,com.google.android.gms.internal.measurement.zziq) -> a
com.google.android.gms.internal.measurement.zziv -> b.a.a.a.e.f.h8:
    void zza(java.lang.String,java.lang.Object,java.lang.StringBuffer,java.lang.StringBuffer) -> a
    java.lang.String zzb(com.google.android.gms.internal.measurement.zziw) -> a
    java.lang.String zzdw(java.lang.String) -> a
com.google.android.gms.internal.measurement.zziw -> b.a.a.a.e.f.i8:
    int zzaow -> a
    com.google.android.gms.internal.measurement.zziw zza(com.google.android.gms.internal.measurement.zzil) -> a
    void zza(com.google.android.gms.internal.measurement.zzio) -> a
    int zzqy() -> a
    int zzuk() -> b
    com.google.android.gms.internal.measurement.zziw zzxb() -> c
com.google.android.gms.internal.measurement.zzix -> b.a.a.a.e.f.j8:
    byte[] zzaph -> a
    int zzb(com.google.android.gms.internal.measurement.zzil,int) -> a
com.google.android.gms.internal.measurement.zziy -> b.a.a.a.e.f.k8:
    byte[] zzado -> b
    int tag -> a
com.google.android.gms.internal.measurement.zziz -> b.a.a.a.e.f.l8:
    boolean zzxg() -> a
com.google.android.gms.internal.measurement.zzja -> b.a.a.a.e.f.m8:
    com.google.android.gms.internal.measurement.zzdb zzapj -> a
    com.google.android.gms.internal.measurement.zzja zzapi -> b
    boolean zzxg() -> a
com.google.android.gms.internal.measurement.zzjb -> b.a.a.a.e.f.n8:
    com.google.android.gms.internal.measurement.zzdb zzapj -> a
    com.google.android.gms.internal.measurement.zzjb zzapk -> b
    boolean zzxh() -> a
com.google.android.gms.internal.measurement.zzjc -> b.a.a.a.e.f.o8:
    com.google.android.gms.internal.measurement.zzcm zzapl -> a
    boolean zzxg() -> a
com.google.android.gms.internal.measurement.zzjd -> b.a.a.a.e.f.p8:
    com.google.android.gms.internal.measurement.zzcm zzapm -> a
    boolean zzxh() -> a
com.google.android.gms.internal.measurement.zzje -> b.a.a.a.e.f.q8:
    boolean zzxh() -> a
com.google.android.gms.internal.measurement.zzjf -> b.a.a.a.e.f.r8:
    boolean zzxi() -> a
com.google.android.gms.internal.measurement.zzjg -> b.a.a.a.e.f.s8:
    com.google.android.gms.internal.measurement.zzdb zzapj -> a
    com.google.android.gms.internal.measurement.zzjg zzapn -> b
    boolean zzxi() -> a
com.google.android.gms.internal.measurement.zzjh -> b.a.a.a.e.f.t8:
    com.google.android.gms.internal.measurement.zzdb zzapj -> a
    com.google.android.gms.internal.measurement.zzjh zzapo -> b
    boolean zzxj() -> a
    boolean zzxk() -> b
    boolean zzxl() -> c
com.google.android.gms.internal.measurement.zzji -> b.a.a.a.e.f.u8:
    com.google.android.gms.internal.measurement.zzcm zzapp -> a
    boolean zzxi() -> a